[2014-11-07 15:36:34][2332][D:\xampp\htdocs\123\liuyanban\bin\menu.php][main][11][DEBUG][0] return successfully! | ***start menu 菜单**
[2014-11-07 15:36:34][2332][D:\xampp\htdocs\123\liuyanban\model\tokenStub.php][getToken][30][DEBUG][0] return successfully! | token data get from 数据库 wx_ctoken: [{"appId":"wx219a2170161ff48a","token":"I2vNaR2MGvaVAaOWm-fvRj64MOWpsB6LgYYqciMd28LIzvU36_IlMfu4pdZBxOuEwOMTaPqepJyj5UJpwSfD1eY9A6ycE0tjZhmRdOx2ft4","expire":"7200","addTimestamp":"1415345197"}]
[2014-11-07 15:36:34][2332][D:\xampp\htdocs\123\liuyanban\model\menuStub.php][reqMenu][51][DEBUG][0] return successfully! | req url:https://api.weixin.qq.com/cgi-bin/menu/create?access_token=I2vNaR2MGvaVAaOWm-fvRj64MOWpsB6LgYYqciMd28LIzvU36_IlMfu4pdZBxOuEwOMTaPqepJyj5UJpwSfD1eY9A6ycE0tjZhmRdOx2ft4  req data:{"button":[{"type":"click","name":"\u5bc4\u5feb\u9012","key":"V1001_TODAY_MUSIC"},{"type":"click","name":"\u6536\u5feb\u9012","key":"V1001_TODAY_SINGER"},{"name":"\u6211","sub_button":[{"type":"click","name":"hello world","key":"V1001_HELLO_WORLD"},{"type":"click","name":"\u8d5e\u4e00\u4e0b\u6211\u4eec","key":"V1001_GOOD"}]}]}
[2014-11-07 15:36:35][2332][D:\xampp\htdocs\123\liuyanban\model\menuStub.php][reqMenu][54][DEBUG][0] return successfully! | response:{"errcode":40033,"errmsg":"invalid charset. please check your request, if include \\uxxxx will create fail!"}
[2014-11-07 15:36:35][2332][D:\xampp\htdocs\123\liuyanban\model\menuStub.php][reqMenu][58][DEBUG][1500] other error! | req create menu error
[2014-11-07 15:36:35][2332][D:\xampp\htdocs\123\liuyanban\model\menuStub.php][reqMenu][51][DEBUG][0] return successfully! | req url:https://api.weixin.qq.com/cgi-bin/menu/create?access_token=I2vNaR2MGvaVAaOWm-fvRj64MOWpsB6LgYYqciMd28LIzvU36_IlMfu4pdZBxOuEwOMTaPqepJyj5UJpwSfD1eY9A6ycE0tjZhmRdOx2ft4  req data:{"button":[{"type":"click","name":"\u5bc4\u5feb\u9012","key":"V1001_TODAY_MUSIC"},{"type":"click","name":"\u6536\u5feb\u9012","key":"V1001_TODAY_SINGER"},{"name":"\u6211","sub_button":[{"type":"click","name":"hello world","key":"V1001_HELLO_WORLD"},{"type":"click","name":"\u8d5e\u4e00\u4e0b\u6211\u4eec","key":"V1001_GOOD"}]}]}
[2014-11-07 15:36:35][2332][D:\xampp\htdocs\123\liuyanban\model\menuStub.php][reqMenu][54][DEBUG][0] return successfully! | response:{"errcode":40033,"errmsg":"invalid charset. please check your request, if include \\uxxxx will create fail!"}
[2014-11-07 15:36:35][2332][D:\xampp\htdocs\123\liuyanban\model\menuStub.php][reqMenu][58][DEBUG][1500] other error! | req create menu error
[2014-11-07 15:36:35][2332][D:\xampp\htdocs\123\liuyanban\model\menuStub.php][reqMenu][51][DEBUG][0] return successfully! | req url:https://api.weixin.qq.com/cgi-bin/menu/create?access_token=I2vNaR2MGvaVAaOWm-fvRj64MOWpsB6LgYYqciMd28LIzvU36_IlMfu4pdZBxOuEwOMTaPqepJyj5UJpwSfD1eY9A6ycE0tjZhmRdOx2ft4  req data:{"button":[{"type":"click","name":"\u5bc4\u5feb\u9012","key":"V1001_TODAY_MUSIC"},{"type":"click","name":"\u6536\u5feb\u9012","key":"V1001_TODAY_SINGER"},{"name":"\u6211","sub_button":[{"type":"click","name":"hello world","key":"V1001_HELLO_WORLD"},{"type":"click","name":"\u8d5e\u4e00\u4e0b\u6211\u4eec","key":"V1001_GOOD"}]}]}
[2014-11-07 15:36:36][2332][D:\xampp\htdocs\123\liuyanban\model\menuStub.php][reqMenu][54][DEBUG][0] return successfully! | response:{"errcode":40033,"errmsg":"invalid charset. please check your request, if include \\uxxxx will create fail!"}
[2014-11-07 15:36:36][2332][D:\xampp\htdocs\123\liuyanban\model\menuStub.php][reqMenu][58][DEBUG][1500] other error! | req create menu error
[2014-11-07 15:36:36][2332][D:\xampp\htdocs\123\liuyanban\bin\menu.php][main][44][DEBUG][0] return successfully! | create menu fail!
[2014-11-07 15:36:36][2332][D:\xampp\htdocs\123\liuyanban\bin\menu.php][main][50][DEBUG][0] return successfully! | ***end menu***
[2014-11-07 15:40:44][2332][D:\xampp\htdocs\123\liuyanban\bin\menu.php][main][11][DEBUG][0] return successfully! | ***start menu 菜单**
[2014-11-07 15:40:45][2332][D:\xampp\htdocs\123\liuyanban\model\tokenStub.php][getToken][30][DEBUG][0] return successfully! | token data get from 数据库 wx_ctoken: [{"appId":"wx219a2170161ff48a","token":"I2vNaR2MGvaVAaOWm-fvRj64MOWpsB6LgYYqciMd28LIzvU36_IlMfu4pdZBxOuEwOMTaPqepJyj5UJpwSfD1eY9A6ycE0tjZhmRdOx2ft4","expire":"7200","addTimestamp":"1415345197"}]
[2014-11-07 15:40:45][2332][D:\xampp\htdocs\123\liuyanban\model\menuStub.php][reqMenu][51][DEBUG][0] return successfully! | req url:https://api.weixin.qq.com/cgi-bin/menu/create?access_token=I2vNaR2MGvaVAaOWm-fvRj64MOWpsB6LgYYqciMd28LIzvU36_IlMfu4pdZBxOuEwOMTaPqepJyj5UJpwSfD1eY9A6ycE0tjZhmRdOx2ft4  req data:{"button":[{"type":"click","name":"寄快递","key":"V1001_TODAY_MUSIC"},{"type":"click","name":"收快递","key":"V1001_TODAY_SINGER"},{"name":"我","sub_button":[{"type":"click","name":"hello world","key":"V1001_HELLO_WORLD"},{"type":"click","name":"赞一下我们","key":"V1001_GOOD"}]}]}
[2014-11-07 15:40:45][2332][D:\xampp\htdocs\123\liuyanban\model\menuStub.php][reqMenu][54][DEBUG][0] return successfully! | response:{"errcode":0,"errmsg":"ok"}
[2014-11-07 15:40:45][2332][D:\xampp\htdocs\123\liuyanban\bin\menu.php][main][47][DEBUG][0] return successfully! | creat menu success
[2014-11-07 15:40:45][2332][D:\xampp\htdocs\123\liuyanban\bin\menu.php][main][50][DEBUG][0] return successfully! | ***end menu***
[2014-11-07 15:45:55][2332][D:\xampp\htdocs\123\liuyanban\bin\menu.php][main][11][DEBUG][0] return successfully! | ***start menu 菜单**
[2014-11-07 15:45:55][2332][D:\xampp\htdocs\123\liuyanban\model\tokenStub.php][getToken][30][DEBUG][0] return successfully! | token data get from 数据库 wx_ctoken: [{"appId":"wx219a2170161ff48a","token":"I2vNaR2MGvaVAaOWm-fvRj64MOWpsB6LgYYqciMd28LIzvU36_IlMfu4pdZBxOuEwOMTaPqepJyj5UJpwSfD1eY9A6ycE0tjZhmRdOx2ft4","expire":"7200","addTimestamp":"1415345197"}]
[2014-11-07 15:45:55][2332][D:\xampp\htdocs\123\liuyanban\model\menuStub.php][reqMenu][51][DEBUG][0] return successfully! | req url:https://api.weixin.qq.com/cgi-bin/menu/create?access_token=I2vNaR2MGvaVAaOWm-fvRj64MOWpsB6LgYYqciMd28LIzvU36_IlMfu4pdZBxOuEwOMTaPqepJyj5UJpwSfD1eY9A6ycE0tjZhmRdOx2ft4  req data:{"button":[{"type":"click","name":"我要寄件","key":"V1001_TODAY_MUSIC"},{"type":"click","name":"我要收件","key":"V1001_TODAY_SINGER"},{"name":"我","sub_button":[{"type":"click","name":"hello world","key":"V1001_HELLO_WORLD"},{"type":"click","name":"赞一下我们","key":"V1001_GOOD"}]}]}
[2014-11-07 15:45:56][2332][D:\xampp\htdocs\123\liuyanban\model\menuStub.php][reqMenu][54][DEBUG][0] return successfully! | response:{"errcode":0,"errmsg":"ok"}
[2014-11-07 15:45:56][2332][D:\xampp\htdocs\123\liuyanban\bin\menu.php][main][47][DEBUG][0] return successfully! | creat menu success
[2014-11-07 15:45:56][2332][D:\xampp\htdocs\123\liuyanban\bin\menu.php][main][50][DEBUG][0] return successfully! | ***end menu***
[2014-11-07 18:49:17][2332][D:\xampp\htdocs\123\liuyanban\model\SqlDbException.php][__construct][15][ERROR][1500] other error! | 操作失败Unknown column 'userId' in 'where clause'
[2014-11-07 18:49:47][2332][D:\xampp\htdocs\123\liuyanban\model\SqlDbException.php][__construct][15][ERROR][1500] other error! | 操作失败Unknown column 'userId' in 'where clause'
[2014-11-07 18:50:15][2332][D:\xampp\htdocs\123\liuyanban\model\SqlDbException.php][__construct][15][ERROR][1500] other error! | 操作失败Unknown column 'ofawzuP0ZRBozKjb5P69bpccWXMU' in 'where clause'
[2014-11-07 18:50:28][2332][D:\xampp\htdocs\123\liuyanban\model\SqlDbException.php][__construct][15][ERROR][1500] other error! | 操作失败Unknown column 'ofawzuP0ZRBozKjb5P69bpccWXMU' in 'where clause'
[2014-11-07 18:51:23][2332][D:\xampp\htdocs\123\liuyanban\model\SqlDbException.php][__construct][15][ERROR][1500] other error! | 操作失败Unknown column 'ofawzuP0ZRBozKjb5P69bpccWXMU' in 'where clause'
[2014-11-07 19:03:07][2332][D:\xampp\htdocs\123\liuyanban\model\SqlDbException.php][__construct][15][ERROR][1500] other error! | 操作失败You have an error in your SQL syntax; check the manual that corresponds to your MySQL server version for the right syntax to use near 'select max(id) from wx_test where userId=ofawzuP0ZRBozKjb5P69bpccWXMU' at line 1
[2014-11-07 19:06:52][2332][D:\xampp\htdocs\123\liuyanban\model\SqlDbException.php][__construct][15][ERROR][1500] other error! | 操作失败You have an error in your SQL syntax; check the manual that corresponds to your MySQL server version for the right syntax to use near 'select max(id) from wx_test where userId='ofawzuP0ZRBozKjb5P69bpccWXMU'' at line 1
[2014-11-07 20:09:25][2332][D:\xampp\htdocs\123\liuyanban\index.php][main][28][ERROR][1500] other error! | malicious(恶意的): 127.0.0.1
[2014-11-07 20:09:45][2332][D:\xampp\htdocs\123\liuyanban\index.php][main][28][ERROR][1500] other error! | malicious(恶意的): 127.0.0.1
[2014-11-07 20:09:47][2332][D:\xampp\htdocs\123\liuyanban\index.php][main][28][ERROR][1500] other error! | malicious(恶意的): 127.0.0.1
[2014-11-07 20:09:47][2332][D:\xampp\htdocs\123\liuyanban\index.php][main][28][ERROR][1500] other error! | malicious(恶意的): 127.0.0.1
