[2014-11-21 22:18:07][13756][D:\xampp\htdocs\weixin\model\SqlDbException.php][__construct][15][ERROR][1500] other error! | 操作失败You have an error in your SQL syntax; check the manual that corresponds to your MySQL server version for the right syntax to use near '' at line 1
[2014-11-21 22:20:42][13756][INFO]return successfully! | *****写入数据库成功:INSERT INTO kd_deal SET `deal_code` = '546F4A3A5FE6B', `create_date` = '2014-11-21 22:20:42', `booked_time` = '中午12:00-14:00', `success_date` = '0', `long_tel` = '123468166', `short_tel` = '66666', `user_name` = 'fg', `user_ip` = '0', `school_id` = '1', `dormitory_id` = '1', `address` = '348', `su_id` = '0', `su_level` = '0', `send_to` = '福建省南平市建瓯市', `weight` = '132', `income` = '10', `express_id` = '30', `express_code` = '0', `other_express` = '0', `status` = '1', `tag` = '0', `remove` = '0'*****
[2014-11-21 22:28:46][13756][D:\xampp\htdocs\weixin\bin\menu.php][main][11][DEBUG][0] return successfully! | ***start menu 菜单**
[2014-11-21 22:28:46][13756][D:\xampp\htdocs\weixin\connect\tokenStub.php][getToken][30][DEBUG][0] return successfully! | token data get from 数据库 wx_ctoken: [{"appId":"wx219a2170161ff48a","token":"YqY0JT6xUp3letDOw3ITtttGX4SDot2RRlvy6oDMI5iw6bMBVIDjE_V3oXYOtrIdmlSVH2_zXkO4pi2Wvz1qBN0ZsRjulR-_nHrbgQVTyRE","expire":"7200","addTimestamp":"1415616169"}]
[2014-11-21 22:28:46][13756][D:\xampp\htdocs\weixin\connect\tokenStub.php][getToken][52][DEBUG][0] return successfully! | url:https://api.weixin.qq.com/cgi-bin/token  req data:{"grant_type":"client_credential","appid":"wx219a2170161ff48a","secret":"bb61ab89bc1ad99e2f608b71d186417a"}
[2014-11-21 22:28:47][13756][D:\xampp\htdocs\weixin\connect\tokenStub.php][getToken][55][DEBUG][0] return successfully! | response data:{"access_token":"XtzCGKLC78iJ7ERqYR5Xo6zMVE5vtK7r2GNflDsUAPckYw-RnUt4hNM5VSkgmzInkEgTx10b5YSmCfy9NeWegRajSARbvQP_OUzlj4mcjfk","expires_in":7200}
[2014-11-21 22:28:47][13756][INFO]return successfully! | *****操作数据库成功:DELETE FROM `wx_ctoken` WHERE 1 *****
[2014-11-21 22:28:47][13756][INFO]return successfully! | *****写入数据库成功:INSERT INTO wx_ctoken SET `appId` = 'wx219a2170161ff48a', `token` = 'XtzCGKLC78iJ7ERqYR5Xo6zMVE5vtK7r2GNflDsUAPckYw-RnUt4hNM5VSkgmzInkEgTx10b5YSmCfy9NeWegRajSARbvQP_OUzlj4mcjfk', `expire` = '7200', `addTimestamp` = '1416580127'*****
[2014-11-21 22:28:47][13756][D:\xampp\htdocs\weixin\connect\menuStub.php][reqMenu][51][DEBUG][0] return successfully! | req url:https://api.weixin.qq.com/cgi-bin/menu/create?access_token=XtzCGKLC78iJ7ERqYR5Xo6zMVE5vtK7r2GNflDsUAPckYw-RnUt4hNM5VSkgmzInkEgTx10b5YSmCfy9NeWegRajSARbvQP_OUzlj4mcjfk  req data:{"button":[{"type":"view","name":"我要寄件","url":"http:\/\/182.92.97.249\/control\/Express_order_UI_Control.php"},{"type":"click","name":"我要收件","key":"SHOUKUAIDI"},{"name":"我","sub_button":[{"type":"click","name":"hello world","key":"V1001_HELLO_WORLD"},{"type":"click","name":"赞一下我们","key":"V1001_GOOD"}]}]}
[2014-11-21 22:28:48][13756][D:\xampp\htdocs\weixin\connect\menuStub.php][reqMenu][54][DEBUG][0] return successfully! | response:{"errcode":0,"errmsg":"ok"}
[2014-11-21 22:28:48][13756][D:\xampp\htdocs\weixin\bin\menu.php][main][47][DEBUG][0] return successfully! | creat menu success
[2014-11-21 22:28:48][13756][D:\xampp\htdocs\weixin\bin\menu.php][main][50][DEBUG][0] return successfully! | ***end menu***
[2014-11-21 22:55:51][13756][D:\xampp\htdocs\weixin\bin\menu.php][main][11][DEBUG][0] return successfully! | ***start menu 菜单**
[2014-11-21 22:55:51][13756][D:\xampp\htdocs\weixin\connect\tokenStub.php][getToken][30][DEBUG][0] return successfully! | token data get from 数据库 wx_ctoken: [{"appId":"wx219a2170161ff48a","token":"XtzCGKLC78iJ7ERqYR5Xo6zMVE5vtK7r2GNflDsUAPckYw-RnUt4hNM5VSkgmzInkEgTx10b5YSmCfy9NeWegRajSARbvQP_OUzlj4mcjfk","expire":"7200","addTimestamp":"1416580127"}]
[2014-11-21 22:55:51][13756][D:\xampp\htdocs\weixin\connect\menuStub.php][reqMenu][51][DEBUG][0] return successfully! | req url:https://api.weixin.qq.com/cgi-bin/menu/create?access_token=XtzCGKLC78iJ7ERqYR5Xo6zMVE5vtK7r2GNflDsUAPckYw-RnUt4hNM5VSkgmzInkEgTx10b5YSmCfy9NeWegRajSARbvQP_OUzlj4mcjfk  req data:{"button":[{"type":"view","name":"我要寄件","url":"http:\/\/182.92.97.249\/control\/Express_order_UI_Control.php"},{"name":"查收快件","sub_button":[{"type":"click","name":"输单号","key":"SHUDANHAO"},{"type":"scancode_waitmsg","name":"扫描条码","key":"V1001_GOOD"}],"0":{"name":"我","sub_button":[{"type":"click","name":"我的快递","key":"V1001_HELLO_WORLD"},{"type":"click","name":"快递110官网","key":"V1001_GOOD"}]}}]}
[2014-11-21 22:55:51][13756][D:\xampp\htdocs\weixin\connect\menuStub.php][reqMenu][54][DEBUG][0] return successfully! | response:{"errcode":0,"errmsg":"ok"}
[2014-11-21 22:55:51][13756][D:\xampp\htdocs\weixin\bin\menu.php][main][58][DEBUG][0] return successfully! | creat menu success
[2014-11-21 22:55:51][13756][D:\xampp\htdocs\weixin\bin\menu.php][main][61][DEBUG][0] return successfully! | ***end menu***
[2014-11-21 23:00:31][13756][D:\xampp\htdocs\weixin\bin\menu.php][main][11][DEBUG][0] return successfully! | ***start menu 菜单**
[2014-11-21 23:00:32][13756][D:\xampp\htdocs\weixin\connect\tokenStub.php][getToken][30][DEBUG][0] return successfully! | token data get from 数据库 wx_ctoken: [{"appId":"wx219a2170161ff48a","token":"XtzCGKLC78iJ7ERqYR5Xo6zMVE5vtK7r2GNflDsUAPckYw-RnUt4hNM5VSkgmzInkEgTx10b5YSmCfy9NeWegRajSARbvQP_OUzlj4mcjfk","expire":"7200","addTimestamp":"1416580127"}]
[2014-11-21 23:00:32][13756][D:\xampp\htdocs\weixin\connect\menuStub.php][reqMenu][51][DEBUG][0] return successfully! | req url:https://api.weixin.qq.com/cgi-bin/menu/create?access_token=XtzCGKLC78iJ7ERqYR5Xo6zMVE5vtK7r2GNflDsUAPckYw-RnUt4hNM5VSkgmzInkEgTx10b5YSmCfy9NeWegRajSARbvQP_OUzlj4mcjfk  req data:{"button":[{"type":"view","name":"我要寄件","url":"http:\/\/182.92.97.249\/control\/Express_order_UI_Control.php"},{"name":"查收快件","sub_button":[{"type":"click","name":"输单号","key":"SHUDANHAO"},{"type":"scancode_waitmsg","name":"扫描条码","key":"V1001_GOOD"}]},{"name":"我","sub_button":[{"type":"click","name":"我的快递","key":"V1001_HELLO_WORLD"},{"type":"click","name":"快递110官网","key":"V1001_GOOD"}]}]}
[2014-11-21 23:00:32][13756][D:\xampp\htdocs\weixin\connect\menuStub.php][reqMenu][54][DEBUG][0] return successfully! | response:{"errcode":0,"errmsg":"ok"}
[2014-11-21 23:00:32][13756][D:\xampp\htdocs\weixin\bin\menu.php][main][57][DEBUG][0] return successfully! | creat menu success
[2014-11-21 23:00:32][13756][D:\xampp\htdocs\weixin\bin\menu.php][main][60][DEBUG][0] return successfully! | ***end menu***
